<?xml version="1.0" encoding="UTF-8"?>
<!-- Generated by org.testng.reporters.JUnitReportReporter -->
<testsuite skipped="0" hostname="RDR" name="Automation.AccessibleVersion.CompleteTest" tests="1" failures="0" timestamp="2020-07-20T15:21:23 BST" time="25.164" errors="0">
  <testcase name="submitForm" time="25.164" classname="Automation.AccessibleVersion.CompleteTest"/>
  <system-out/>
</testsuite> <!-- Automation.AccessibleVersion.CompleteTest -->
